\BOOKMARK [1][-]{section.1}{\376\377\000C\000o\000n\000v\000e\000r\000g\000e\000n\000c\000i\000a\000\040\000y\000\040\000e\000s\000t\000a\000b\000i\000l\000i\000d\000a\000d\000\040\000d\000e\000\040\000s\000u\000c\000e\000s\000i\000o\000n\000e\000s\000\040\000r\000e\000c\000u\000r\000r\000e\000n\000t\000e\000s}{}% 1
\BOOKMARK [2][-]{subsection.1.1}{\376\377\000M\000a\000r\000c\000o\000\040\000t\000e\000\363\000r\000i\000c\000o}{section.1}% 2
\BOOKMARK [3][-]{subsubsection.1.1.1}{\376\377\000P\000o\000l\000i\000n\000o\000m\000i\000o\000\040\000c\000a\000r\000a\000c\000t\000e\000r\000\355\000s\000t\000i\000c\000o}{subsection.1.1}% 3
\BOOKMARK [3][-]{subsubsection.1.1.2}{\376\377\000C\000o\000n\000d\000i\000c\000i\000o\000n\000e\000s\000\040\000d\000e\000\040\000c\000o\000n\000v\000e\000r\000g\000e\000n\000c\000i\000a}{subsection.1.1}% 4
\BOOKMARK [2][-]{subsection.1.2}{\376\377\000I\000m\000p\000l\000e\000m\000e\000n\000t\000a\000c\000i\000\363\000n\000\040\000d\000e\000l\000\040\000a\000l\000g\000o\000r\000i\000t\000m\000o}{section.1}% 5
\BOOKMARK [2][-]{subsection.1.3}{\376\377\000E\000j\000e\000m\000p\000l\000o\000s\000\040\000d\000e\000\040\000a\000n\000\341\000l\000i\000s\000i\000s}{section.1}% 6
\BOOKMARK [3][-]{subsubsection.1.3.1}{\376\377\000E\000j\000e\000m\000p\000l\000o\000\040\0001\000:\000\040\000S\000u\000c\000e\000s\000i\000\363\000n\000\040\000d\000e\000\040\000F\000i\000b\000o\000n\000a\000c\000c\000i}{subsection.1.3}% 7
\BOOKMARK [3][-]{subsubsection.1.3.2}{\376\377\000E\000j\000e\000m\000p\000l\000o\000\040\0002\000:\000\040\000S\000u\000c\000e\000s\000i\000\363\000n\000\040\000d\000e\000\040\000L\000u\000c\000a\000s}{subsection.1.3}% 8
\BOOKMARK [3][-]{subsubsection.1.3.3}{\376\377\000E\000j\000e\000m\000p\000l\000o\000\040\0003\000:\000\040\000C\000a\000s\000o\000\040\000d\000e\000\040\000n\000o\000\040\000c\000o\000n\000v\000e\000r\000g\000e\000n\000c\000i\000a}{subsection.1.3}% 9
\BOOKMARK [2][-]{subsection.1.4}{\376\377\000A\000n\000\341\000l\000i\000s\000i\000s\000\040\000d\000e\000\040\000e\000s\000t\000a\000b\000i\000l\000i\000d\000a\000d}{section.1}% 10
\BOOKMARK [3][-]{subsubsection.1.4.1}{\376\377\000E\000s\000t\000a\000b\000i\000l\000i\000d\000a\000d\000\040\000a\000n\000t\000e\000\040\000p\000e\000r\000t\000u\000r\000b\000a\000c\000i\000o\000n\000e\000s}{subsection.1.4}% 11
\BOOKMARK [3][-]{subsubsection.1.4.2}{\376\377\000N\000\372\000m\000e\000r\000o\000\040\000d\000e\000\040\000c\000o\000n\000d\000i\000c\000i\000\363\000n}{subsection.1.4}% 12
\BOOKMARK [2][-]{subsection.1.5}{\376\377\000R\000e\000s\000u\000l\000t\000a\000d\000o\000s\000\040\000c\000o\000m\000p\000u\000t\000a\000c\000i\000o\000n\000a\000l\000e\000s}{section.1}% 13
\BOOKMARK [3][-]{subsubsection.1.5.1}{\376\377\000E\000x\000p\000e\000r\000i\000m\000e\000n\000t\000o\000s\000\040\000n\000u\000m\000\351\000r\000i\000c\000o\000s}{subsection.1.5}% 14
\BOOKMARK [3][-]{subsubsection.1.5.2}{\376\377\000A\000n\000\341\000l\000i\000s\000i\000s\000\040\000d\000e\000\040\000s\000e\000n\000s\000i\000b\000i\000l\000i\000d\000a\000d}{subsection.1.5}% 15
\BOOKMARK [2][-]{subsection.1.6}{\376\377\000V\000i\000s\000u\000a\000l\000i\000z\000a\000c\000i\000\363\000n\000\040\000d\000e\000\040\000l\000a\000\040\000c\000o\000n\000v\000e\000r\000g\000e\000n\000c\000i\000a}{section.1}% 16
\BOOKMARK [2][-]{subsection.1.7}{\376\377\000C\000o\000n\000c\000l\000u\000s\000i\000o\000n\000e\000s}{section.1}% 17
\BOOKMARK [2][-]{subsection.1.8}{\376\377\000N\000o\000t\000a\000\040\000s\000o\000b\000r\000e\000\040\000l\000a\000\040\000i\000m\000p\000l\000e\000m\000e\000n\000t\000a\000c\000i\000\363\000n}{section.1}% 18
\BOOKMARK [1][-]{section.2}{\376\377\000E\000s\000t\000a\000b\000i\000l\000i\000d\000a\000d\000\040\000n\000u\000m\000\351\000r\000i\000c\000a\000\040\000d\000e\000\040\000v\000a\000l\000o\000r\000e\000s\000\040\000p\000r\000o\000p\000i\000o\000s\000\040\000v\000s\000\040\000v\000a\000l\000o\000r\000e\000s\000\040\000s\000i\000n\000g\000u\000l\000a\000r\000e\000s}{}% 19
\BOOKMARK [2][-]{subsection.2.1}{\376\377\000E\000s\000t\000a\000b\000i\000l\000i\000d\000a\000d\000\040\000d\000e\000\040\000l\000o\000s\000\040\000v\000a\000l\000o\000r\000e\000s\000\040\000s\000i\000n\000g\000u\000l\000a\000r\000e\000s}{section.2}% 20
\BOOKMARK [2][-]{subsection.2.2}{\376\377\000I\000n\000e\000s\000t\000a\000b\000i\000l\000i\000d\000a\000d\000\040\000d\000e\000\040\000l\000o\000s\000\040\000v\000a\000l\000o\000r\000e\000s\000\040\000p\000r\000o\000p\000i\000o\000s}{section.2}% 21
\BOOKMARK [2][-]{subsection.2.3}{\376\377\000E\000j\000e\000m\000p\000l\000o\000\040\000n\000u\000m\000\351\000r\000i\000c\000o\000\040\000c\000o\000n\000\040\000d\000i\000s\000t\000a\000n\000c\000i\000a\000\040\000m\000a\000y\000o\000r\000\040\000q\000u\000e\000\040\0001}{section.2}% 22
\BOOKMARK [2][-]{subsection.2.4}{\376\377\000C\000o\000n\000c\000l\000u\000s\000i\000\363\000n}{section.2}% 23
\BOOKMARK [1][-]{section.3}{\376\377\000I\000t\000e\000r\000a\000c\000i\000\363\000n\000\040\000d\000e\000l\000\040\000a\000l\000g\000o\000r\000i\000t\000m\000o\000\040\000Q\000R\000\040\000p\000a\000r\000a\000\040\000a\000p\000r\000o\000x\000i\000m\000a\000r\000\040\000r\000a\000\355\000c\000e\000s\000\040\000d\000e\000\040\000p\000o\000l\000i\000n\000o\000m\000i\000o\000s}{}% 24
\BOOKMARK [2][-]{subsection.3.1}{\376\377\000D\000e\000s\000c\000r\000i\000p\000c\000i\000\363\000n\000\040\000d\000e\000l\000\040\000a\000l\000g\000o\000r\000i\000t\000m\000o}{section.3}% 25
\BOOKMARK [2][-]{subsection.3.2}{\376\377\000E\000s\000t\000r\000a\000t\000e\000g\000i\000a\000\040\000d\000e\000\040\000t\000r\000a\000s\000l\000a\000c\000i\000\363\000n}{section.3}% 26
\BOOKMARK [2][-]{subsection.3.3}{\376\377\000R\000e\000g\000i\000s\000t\000r\000o\000\040\000d\000e\000\040\000t\000i\000e\000m\000p\000o\000\040\000d\000e\000\040\000e\000j\000e\000c\000u\000c\000i\000\363\000n}{section.3}% 27
\BOOKMARK [3][-]{subsubsection.3.3.1}{\376\377\000E\000j\000e\000m\000p\000l\000o\000\040\0001\000:\000\040\000P\000o\000l\000i\000n\000o\000m\000i\000o\000\040\000p\000\050\000x\000\051\000\040\000=\000\040\000x\0003\000\040\000-\000\040\0006\000x\0002\000\040\000+\000\040\0001\0001\000x\000\040\000-\000\040\0006}{subsection.3.3}% 28
\BOOKMARK [3][-]{subsubsection.3.3.2}{\376\377\000E\000j\000e\000m\000p\000l\000o\000\040\0002\000:\000\040\000P\000o\000l\000i\000n\000o\000m\000i\000o\000\040\000p\000\050\000x\000\051\000\040\000=\000\040\000x\0004\000\040\000+\000\040\0002\000x\0002\000\040\000+\000\040\0001}{subsection.3.3}% 29
\BOOKMARK [2][-]{subsection.3.4}{\376\377\000T\000r\000a\000s\000l\000a\000c\000i\000\363\000n\000\040\000e\000l\000e\000g\000i\000d\000a\000\040\000e\000n\000\040\000c\000a\000d\000a\000\040\000i\000t\000e\000r\000a\000c\000i\000\363\000n}{section.3}% 30
\BOOKMARK [3][-]{subsubsection.3.4.1}{\376\377\000E\000j\000e\000m\000p\000l\000o\000\040\0001}{subsection.3.4}% 31
\BOOKMARK [3][-]{subsubsection.3.4.2}{\376\377\000E\000j\000e\000m\000p\000l\000o\000\040\0002}{subsection.3.4}% 32
\BOOKMARK [2][-]{subsection.3.5}{\376\377\000D\000i\000s\000c\000o\000s\000\040\000d\000e\000\040\000G\000e\000r\000s\000h\000g\000o\000r\000i\000n}{section.3}% 33
\BOOKMARK [3][-]{subsubsection.3.5.1}{\376\377\000E\000v\000o\000l\000u\000c\000i\000\363\000n\000\040\000d\000e\000\040\000l\000o\000s\000\040\000d\000i\000s\000c\000o\000s}{subsection.3.5}% 34
\BOOKMARK [2][-]{subsection.3.6}{\376\377\000A\000n\000\341\000l\000i\000s\000i\000s\000\040\000d\000e\000\040\000c\000o\000n\000v\000e\000r\000g\000e\000n\000c\000i\000a}{section.3}% 35
\BOOKMARK [3][-]{subsubsection.3.6.1}{\376\377\000T\000a\000s\000a\000\040\000d\000e\000\040\000c\000o\000n\000v\000e\000r\000g\000e\000n\000c\000i\000a}{subsection.3.6}% 36
\BOOKMARK [3][-]{subsubsection.3.6.2}{\376\377\000P\000r\000e\000c\000i\000s\000i\000\363\000n\000\040\000d\000e\000\040\000l\000a\000s\000\040\000r\000a\000\355\000c\000e\000s}{subsection.3.6}% 37
\BOOKMARK [2][-]{subsection.3.7}{\376\377\000O\000p\000t\000i\000m\000i\000z\000a\000c\000i\000o\000n\000e\000s\000\040\000i\000m\000p\000l\000e\000m\000e\000n\000t\000a\000d\000a\000s}{section.3}% 38
\BOOKMARK [2][-]{subsection.3.8}{\376\377\000C\000o\000n\000c\000l\000u\000s\000i\000o\000n\000e\000s}{section.3}% 39
\BOOKMARK [2][-]{subsection.3.9}{\376\377\000N\000o\000t\000a\000\040\000s\000o\000b\000r\000e\000\040\000l\000a\000\040\000i\000m\000p\000l\000e\000m\000e\000n\000t\000a\000c\000i\000\363\000n}{section.3}% 40
\BOOKMARK [1][-]{section.4}{\376\377\000D\000e\000s\000c\000o\000m\000p\000o\000s\000i\000c\000i\000\363\000n\000\040\000e\000n\000\040\000v\000a\000l\000o\000r\000e\000s\000\040\000s\000i\000n\000g\000u\000l\000a\000r\000e\000s\000\040\000p\000a\000r\000a\000\040\000e\000x\000t\000r\000a\000e\000r\000\040\000e\000l\000\040\000f\000o\000n\000d\000o\000\040\000d\000e\000\040\000u\000n\000\040\000v\000i\000d\000e\000o}{}% 41
\BOOKMARK [2][-]{subsection.4.1}{\376\377\000M\000e\000t\000o\000d\000o\000l\000o\000g\000\355\000a}{section.4}% 42
\BOOKMARK [3][-]{subsubsection.4.1.1}{\376\377\000F\000u\000n\000d\000a\000m\000e\000n\000t\000o\000\040\000t\000e\000\363\000r\000i\000c\000o}{subsection.4.1}% 43
\BOOKMARK [3][-]{subsubsection.4.1.2}{\376\377\000I\000m\000p\000l\000e\000m\000e\000n\000t\000a\000c\000i\000\363\000n}{subsection.4.1}% 44
\BOOKMARK [2][-]{subsection.4.2}{\376\377\000R\000e\000s\000u\000l\000t\000a\000d\000o\000s\000\040\000y\000\040\000a\000n\000\341\000l\000i\000s\000i\000s}{section.4}% 45
\BOOKMARK [3][-]{subsubsection.4.2.1}{\376\377\000E\000x\000p\000e\000r\000i\000m\000e\000n\000t\000o\000\040\0001\000:\000\040\000R\000e\000s\000o\000l\000u\000c\000i\000\363\000n\000\040\000c\000o\000m\000p\000l\000e\000t\000a}{subsection.4.2}% 46
\BOOKMARK [3][-]{subsubsection.4.2.2}{\376\377\000E\000x\000p\000e\000r\000i\000m\000e\000n\000t\000o\000\040\0002\000:\000\040\000C\000o\000n\000f\000i\000g\000u\000r\000a\000c\000i\000\363\000n\000\040\000o\000p\000t\000i\000m\000i\000z\000a\000d\000a}{subsection.4.2}% 47
\BOOKMARK [3][-]{subsubsection.4.2.3}{\376\377\000A\000n\000\341\000l\000i\000s\000i\000s\000\040\000d\000e\000\040\000c\000o\000m\000p\000l\000e\000j\000i\000d\000a\000d\000\040\000c\000o\000m\000p\000u\000t\000a\000c\000i\000o\000n\000a\000l}{subsection.4.2}% 48
\BOOKMARK [3][-]{subsubsection.4.2.4}{\376\377\000C\000a\000l\000i\000d\000a\000d\000\040\000d\000e\000\040\000l\000a\000\040\000s\000e\000p\000a\000r\000a\000c\000i\000\363\000n}{subsection.4.2}% 49
\BOOKMARK [2][-]{subsection.4.3}{\376\377\000O\000p\000t\000i\000m\000i\000z\000a\000c\000i\000o\000n\000e\000s\000\040\000i\000m\000p\000l\000e\000m\000e\000n\000t\000a\000d\000a\000s}{section.4}% 50
\BOOKMARK [2][-]{subsection.4.4}{\376\377\000L\000i\000m\000i\000t\000a\000c\000i\000o\000n\000e\000s\000\040\000y\000\040\000t\000r\000a\000b\000a\000j\000o\000\040\000f\000u\000t\000u\000r\000o}{section.4}% 51
\BOOKMARK [3][-]{subsubsection.4.4.1}{\376\377\000L\000i\000m\000i\000t\000a\000c\000i\000o\000n\000e\000s\000\040\000a\000c\000t\000u\000a\000l\000e\000s}{subsection.4.4}% 52
\BOOKMARK [3][-]{subsubsection.4.4.2}{\376\377\000P\000o\000s\000i\000b\000l\000e\000s\000\040\000m\000e\000j\000o\000r\000a\000s}{subsection.4.4}% 53
\BOOKMARK [2][-]{subsection.4.5}{\376\377\000C\000o\000n\000c\000l\000u\000s\000i\000o\000n\000e\000s}{section.4}% 54
\BOOKMARK [2][-]{subsection.4.6}{\376\377\000N\000o\000t\000a\000\040\000s\000o\000b\000r\000e\000\040\000l\000o\000s\000\040\000r\000e\000s\000u\000l\000t\000a\000d\000o\000s}{section.4}% 55
